This file contains any messages produced by compilers while
running configure, to aid debugging if configure makes a mistake.

It was created by libalize configure 3.0, which was
generated by GNU Autoconf 2.69.  Invocation command line was

  $ ./configure 

## --------- ##
## Platform. ##
## --------- ##

hostname = localhost.localdomain
uname -m = x86_64
uname -r = 3.10.0-123.el7.x86_64
uname -s = Linux
uname -v = #1 SMP Mon Jun 30 12:09:22 UTC 2014

/usr/bin/uname -p = x86_64
/bin/uname -X     = unknown

/bin/arch              = x86_64
/usr/bin/arch -k       = unknown
/usr/convex/getsysinfo = unknown
/usr/bin/hostinfo      = unknown
/bin/machine           = unknown
/usr/bin/oslevel       = unknown
/bin/universe          = unknown

PATH: /usr/lib64/qt-3.3/bin
PATH: /usr/local/sbin
PATH: /usr/local/bin
PATH: /usr/sbin
PATH: /usr/bin
PATH: /root/bin


## ----------- ##
## Core tests. ##
## ----------- ##

configure:2298: checking for a BSD-compatible install
configure:2366: result: /usr/bin/install -c
configure:2377: checking whether build environment is sane
configure:2432: result: yes
configure:2470: WARNING: 'missing' script is too old or missing
configure:2583: checking for a thread-safe mkdir -p
configure:2622: result: /usr/bin/mkdir -p
configure:2629: checking for gawk
configure:2645: found /usr/bin/gawk
configure:2656: result: gawk
configure:2667: checking whether make sets $(MAKE)
configure:2689: result: yes
configure:2718: checking whether make supports nested variables
configure:2735: result: yes
configure:2879: checking for g++
configure:2895: found /usr/bin/g++
configure:2906: result: g++
configure:2933: checking for C++ compiler version
configure:2942: g++ --version >&5
g++ (GCC) 4.8.5 20150623 (Red Hat 4.8.5-4)
Copyright (C) 2015 Free Software Foundation, Inc.
This is free software; see the source for copying conditions.  There is NO
warranty; not even for MERCHANTABILITY or FITNESS FOR A PARTICULAR PURPOSE.

configure:2953: $? = 0
configure:2942: g++ -v >&5
Using built-in specs.
COLLECT_GCC=g++
COLLECT_LTO_WRAPPER=/usr/libexec/gcc/x86_64-redhat-linux/4.8.5/lto-wrapper
Target: x86_64-redhat-linux
Configured with: ../configure --prefix=/usr --mandir=/usr/share/man --infodir=/usr/share/info --with-bugurl=http://bugzilla.redhat.com/bugzilla --enable-bootstrap --enable-shared --enable-threads=posix --enable-checking=release --with-system-zlib --enable-__cxa_atexit --disable-libunwind-exceptions --enable-gnu-unique-object --enable-linker-build-id --with-linker-hash-style=gnu --enable-languages=c,c++,objc,obj-c++,java,fortran,ada,go,lto --enable-plugin --enable-initfini-array --disable-libgcj --with-isl=/builddir/build/BUILD/gcc-4.8.5-20150702/obj-x86_64-redhat-linux/isl-install --with-cloog=/builddir/build/BUILD/gcc-4.8.5-20150702/obj-x86_64-redhat-linux/cloog-install --enable-gnu-indirect-function --with-tune=generic --with-arch_32=x86-64 --build=x86_64-redhat-linux
Thread model: posix
gcc version 4.8.5 20150623 (Red Hat 4.8.5-4) (GCC) 
configure:2953: $? = 0
configure:2942: g++ -V >&5
g++: error: unrecognized command line option '-V'
g++: fatal error: no input files
compilation terminated.
configure:2953: $? = 4
configure:2942: g++ -qversion >&5
g++: error: unrecognized command line option '-qversion'
g++: fatal error: no input files
compilation terminated.
configure:2953: $? = 4
configure:2973: checking whether the C++ compiler works
configure:2995: g++    conftest.cpp  >&5
configure:2999: $? = 0
configure:3047: result: yes
configure:3050: checking for C++ compiler default output file name
configure:3052: result: a.out
configure:3058: checking for suffix of executables
configure:3065: g++ -o conftest    conftest.cpp  >&5
configure:3069: $? = 0
configure:3091: result: 
configure:3113: checking whether we are cross compiling
configure:3121: g++ -o conftest    conftest.cpp  >&5
configure:3125: $? = 0
configure:3132: ./conftest
configure:3136: $? = 0
configure:3151: result: no
configure:3156: checking for suffix of object files
configure:3178: g++ -c   conftest.cpp >&5
configure:3182: $? = 0
configure:3203: result: o
configure:3207: checking whether we are using the GNU C++ compiler
configure:3226: g++ -c   conftest.cpp >&5
configure:3226: $? = 0
configure:3235: result: yes
configure:3244: checking whether g++ accepts -g
configure:3264: g++ -c -g  conftest.cpp >&5
configure:3264: $? = 0
configure:3305: result: yes
configure:3339: checking for style of include used by make
configure:3367: result: GNU
configure:3393: checking dependency style of g++
configure:3504: result: gcc3
configure:3548: checking build system type
configure:3562: result: x86_64-unknown-linux-gnu
configure:3582: checking host system type
configure:3595: result: x86_64-unknown-linux-gnu
configure:3636: checking how to print strings
configure:3663: result: printf
configure:3732: checking for gcc
configure:3748: found /usr/bin/gcc
configure:3759: result: gcc
configure:3988: checking for C compiler version
configure:3997: gcc --version >&5
gcc (GCC) 4.8.5 20150623 (Red Hat 4.8.5-4)
Copyright (C) 2015 Free Software Foundation, Inc.
This is free software; see the source for copying conditions.  There is NO
warranty; not even for MERCHANTABILITY or FITNESS FOR A PARTICULAR PURPOSE.

configure:4008: $? = 0
configure:3997: gcc -v >&5
Using built-in specs.
COLLECT_GCC=gcc
COLLECT_LTO_WRAPPER=/usr/libexec/gcc/x86_64-redhat-linux/4.8.5/lto-wrapper
Target: x86_64-redhat-linux
Configured with: ../configure --prefix=/usr --mandir=/usr/share/man --infodir=/usr/share/info --with-bugurl=http://bugzilla.redhat.com/bugzilla --enable-bootstrap --enable-shared --enable-threads=posix --enable-checking=release --with-system-zlib --enable-__cxa_atexit --disable-libunwind-exceptions --enable-gnu-unique-object --enable-linker-build-id --with-linker-hash-style=gnu --enable-languages=c,c++,objc,obj-c++,java,fortran,ada,go,lto --enable-plugin --enable-initfini-array --disable-libgcj --with-isl=/builddir/build/BUILD/gcc-4.8.5-20150702/obj-x86_64-redhat-linux/isl-install --with-cloog=/builddir/build/BUILD/gcc-4.8.5-20150702/obj-x86_64-redhat-linux/cloog-install --enable-gnu-indirect-function --with-tune=generic --with-arch_32=x86-64 --build=x86_64-redhat-linux
Thread model: posix
gcc version 4.8.5 20150623 (Red Hat 4.8.5-4) (GCC) 
configure:4008: $? = 0
configure:3997: gcc -V >&5
gcc: error: unrecognized command line option '-V'
gcc: fatal error: no input files
compilation terminated.
configure:4008: $? = 4
configure:3997: gcc -qversion >&5
gcc: error: unrecognized command line option '-qversion'
gcc: fatal error: no input files
compilation terminated.
configure:4008: $? = 4
configure:4012: checking whether we are using the GNU C compiler
configure:4031: gcc -c   conftest.c >&5
configure:4031: $? = 0
configure:4040: result: yes
configure:4049: checking whether gcc accepts -g
configure:4069: gcc -c -g  conftest.c >&5
configure:4069: $? = 0
configure:4110: result: yes
configure:4127: checking for gcc option to accept ISO C89
configure:4190: gcc  -c -g -O2  conftest.c >&5
configure:4190: $? = 0
configure:4203: result: none needed
configure:4225: checking dependency style of gcc
configure:4336: result: gcc3
configure:4351: checking for a sed that does not truncate output
configure:4415: result: /usr/bin/sed
configure:4433: checking for grep that handles long lines and -e
configure:4491: result: /usr/bin/grep
configure:4496: checking for egrep
configure:4558: result: /usr/bin/grep -E
configure:4563: checking for fgrep
configure:4625: result: /usr/bin/grep -F
configure:4660: checking for ld used by gcc
configure:4727: result: /usr/bin/ld
configure:4734: checking if the linker (/usr/bin/ld) is GNU ld
configure:4749: result: yes
configure:4761: checking for BSD- or MS-compatible name lister (nm)
configure:4810: result: /usr/bin/nm -B
configure:4940: checking the name lister (/usr/bin/nm -B) interface
configure:4947: gcc -c -g -O2  conftest.c >&5
configure:4950: /usr/bin/nm -B "conftest.o"
configure:4953: output
0000000000000000 B some_variable
configure:4960: result: BSD nm
configure:4963: checking whether ln -s works
configure:4967: result: yes
configure:4975: checking the maximum length of command line arguments
configure:5105: result: 1572864
configure:5122: checking whether the shell understands some XSI constructs
configure:5132: result: yes
configure:5136: checking whether the shell understands "+="
configure:5142: result: yes
configure:5177: checking how to convert x86_64-unknown-linux-gnu file names to x86_64-unknown-linux-gnu format
configure:5217: result: func_convert_file_noop
configure:5224: checking how to convert x86_64-unknown-linux-gnu file names to toolchain format
configure:5244: result: func_convert_file_noop
configure:5251: checking for /usr/bin/ld option to reload object files
configure:5258: result: -r
configure:5332: checking for objdump
configure:5348: found /usr/bin/objdump
configure:5359: result: objdump
configure:5391: checking how to recognize dependent libraries
configure:5593: result: pass_all
configure:5678: checking for dlltool
configure:5708: result: no
configure:5738: checking how to associate runtime and link libraries
configure:5765: result: printf %s\n
configure:5826: checking for ar
configure:5842: found /usr/bin/ar
configure:5853: result: ar
configure:5890: checking for archiver @FILE support
configure:5907: gcc -c -g -O2  conftest.c >&5
configure:5907: $? = 0
configure:5910: ar cru libconftest.a @conftest.lst >&5
configure:5913: $? = 0
configure:5918: ar cru libconftest.a @conftest.lst >&5
ar: conftest.o: No such file or directory
configure:5921: $? = 1
configure:5933: result: @
configure:5991: checking for strip
configure:6007: found /usr/bin/strip
configure:6018: result: strip
configure:6090: checking for ranlib
configure:6106: found /usr/bin/ranlib
configure:6117: result: ranlib
configure:6219: checking command to parse /usr/bin/nm -B output from gcc object
configure:6339: gcc -c -g -O2  conftest.c >&5
configure:6342: $? = 0
configure:6346: /usr/bin/nm -B conftest.o \| sed -n -e 's/^.*[ ]\([ABCDGIRSTW][ABCDGIRSTW]*\)[ ][ ]*\([_A-Za-z][_A-Za-z0-9]*\)$/\1 \2 \2/p' | sed '/ __gnu_lto/d' \> conftest.nm
configure:6349: $? = 0
configure:6415: gcc -o conftest -g -O2   conftest.c conftstm.o >&5
configure:6418: $? = 0
configure:6456: result: ok
configure:6493: checking for sysroot
configure:6523: result: no
configure:6600: gcc -c -g -O2  conftest.c >&5
configure:6603: $? = 0
configure:6779: checking for mt
configure:6809: result: no
configure:6829: checking if : is a manifest tool
configure:6835: : '-?'
configure:6843: result: no
configure:7485: checking how to run the C preprocessor
configure:7516: gcc -E  conftest.c
configure:7516: $? = 0
configure:7530: gcc -E  conftest.c
conftest.c:11:28: fatal error: ac_nonexistent.h: No such file or directory
 #include <ac_nonexistent.h>
                            ^
compilation terminated.
configure:7530: $? = 1
configure: failed program was:
| /* confdefs.h */
| #define PACKAGE_NAME "libalize"
| #define PACKAGE_TARNAME "libalize"
| #define PACKAGE_VERSION "3.0"
| #define PACKAGE_STRING "libalize 3.0"
| #define PACKAGE_BUGREPORT "dev-alize@listes.univ-avignon.fr"
| #define PACKAGE_URL ""
| #define PACKAGE "libalize"
| #define VERSION "3.0"
| /* end confdefs.h.  */
| #include <ac_nonexistent.h>
configure:7555: result: gcc -E
configure:7575: gcc -E  conftest.c
configure:7575: $? = 0
configure:7589: gcc -E  conftest.c
conftest.c:11:28: fatal error: ac_nonexistent.h: No such file or directory
 #include <ac_nonexistent.h>
                            ^
compilation terminated.
configure:7589: $? = 1
configure: failed program was:
| /* confdefs.h */
| #define PACKAGE_NAME "libalize"
| #define PACKAGE_TARNAME "libalize"
| #define PACKAGE_VERSION "3.0"
| #define PACKAGE_STRING "libalize 3.0"
| #define PACKAGE_BUGREPORT "dev-alize@listes.univ-avignon.fr"
| #define PACKAGE_URL ""
| #define PACKAGE "libalize"
| #define VERSION "3.0"
| /* end confdefs.h.  */
| #include <ac_nonexistent.h>
configure:7618: checking for ANSI C header files
configure:7638: gcc -c -g -O2  conftest.c >&5
configure:7638: $? = 0
configure:7711: gcc -o conftest -g -O2   conftest.c  >&5
configure:7711: $? = 0
configure:7711: ./conftest
configure:7711: $? = 0
configure:7722: result: yes
configure:7735: checking for sys/types.h
configure:7735: gcc -c -g -O2  conftest.c >&5
configure:7735: $? = 0
configure:7735: result: yes
configure:7735: checking for sys/stat.h
configure:7735: gcc -c -g -O2  conftest.c >&5
configure:7735: $? = 0
configure:7735: result: yes
configure:7735: checking for stdlib.h
configure:7735: gcc -c -g -O2  conftest.c >&5
configure:7735: $? = 0
configure:7735: result: yes
configure:7735: checking for string.h
configure:7735: gcc -c -g -O2  conftest.c >&5
configure:7735: $? = 0
configure:7735: result: yes
configure:7735: checking for memory.h
configure:7735: gcc -c -g -O2  conftest.c >&5
configure:7735: $? = 0
configure:7735: result: yes
configure:7735: checking for strings.h
configure:7735: gcc -c -g -O2  conftest.c >&5
configure:7735: $? = 0
configure:7735: result: yes
configure:7735: checking for inttypes.h
configure:7735: gcc -c -g -O2  conftest.c >&5
configure:7735: $? = 0
configure:7735: result: yes
configure:7735: checking for stdint.h
configure:7735: gcc -c -g -O2  conftest.c >&5
configure:7735: $? = 0
configure:7735: result: yes
configure:7735: checking for unistd.h
configure:7735: gcc -c -g -O2  conftest.c >&5
configure:7735: $? = 0
configure:7735: result: yes
configure:7749: checking for dlfcn.h
configure:7749: gcc -c -g -O2  conftest.c >&5
configure:7749: $? = 0
configure:7749: result: yes
configure:7966: checking for objdir
configure:7981: result: .libs
configure:8248: checking if gcc supports -fno-rtti -fno-exceptions
configure:8266: gcc -c -g -O2  -fno-rtti -fno-exceptions conftest.c >&5
cc1: warning: command line option '-fno-rtti' is valid for C++/ObjC++ but not for C [enabled by default]
configure:8270: $? = 0
configure:8283: result: no
configure:8610: checking for gcc option to produce PIC
configure:8617: result: -fPIC -DPIC
configure:8625: checking if gcc PIC flag -fPIC -DPIC works
configure:8643: gcc -c -g -O2  -fPIC -DPIC -DPIC conftest.c >&5
configure:8647: $? = 0
configure:8660: result: yes
configure:8689: checking if gcc static flag -static works
configure:8717: result: no
configure:8732: checking if gcc supports -c -o file.o
configure:8753: gcc -c -g -O2  -o out/conftest2.o conftest.c >&5
configure:8757: $? = 0
configure:8779: result: yes
configure:8787: checking if gcc supports -c -o file.o
configure:8834: result: yes
configure:8867: checking whether the gcc linker (/usr/bin/ld -m elf_x86_64) supports shared libraries
configure:10020: result: yes
configure:10057: checking whether -lc should be explicitly linked in
configure:10065: gcc -c -g -O2  conftest.c >&5
configure:10068: $? = 0
configure:10083: gcc -shared  -fPIC -DPIC conftest.o  -v -Wl,-soname -Wl,conftest -o conftest 2\>\&1 \| /usr/bin/grep  -lc  \>/dev/null 2\>\&1
configure:10086: $? = 0
configure:10100: result: no
configure:10260: checking dynamic linker characteristics
configure:10771: gcc -o conftest -g -O2   -Wl,-rpath -Wl,/foo conftest.c  >&5
configure:10771: $? = 0
configure:10997: result: GNU/Linux ld.so
configure:11104: checking how to hardcode library paths into programs
configure:11129: result: immediate
configure:11669: checking whether stripping libraries is possible
configure:11674: result: yes
configure:11709: checking if libtool supports shared libraries
configure:11711: result: yes
configure:11714: checking whether to build shared libraries
configure:11735: result: yes
configure:11738: checking whether to build static libraries
configure:11742: result: yes
configure:11765: checking how to run the C++ preprocessor
configure:11792: g++ -E  conftest.cpp
configure:11792: $? = 0
configure:11806: g++ -E  conftest.cpp
conftest.cpp:23:28: fatal error: ac_nonexistent.h: No such file or directory
 #include <ac_nonexistent.h>
                            ^
compilation terminated.
configure:11806: $? = 1
configure: failed program was:
| /* confdefs.h */
| #define PACKAGE_NAME "libalize"
| #define PACKAGE_TARNAME "libalize"
| #define PACKAGE_VERSION "3.0"
| #define PACKAGE_STRING "libalize 3.0"
| #define PACKAGE_BUGREPORT "dev-alize@listes.univ-avignon.fr"
| #define PACKAGE_URL ""
| #define PACKAGE "libalize"
| #define VERSION "3.0"
| #define STDC_HEADERS 1
| #define HAVE_SYS_TYPES_H 1
| #define HAVE_SYS_STAT_H 1
| #define HAVE_STDLIB_H 1
| #define HAVE_STRING_H 1
| #define HAVE_MEMORY_H 1
| #define HAVE_STRINGS_H 1
| #define HAVE_INTTYPES_H 1
| #define HAVE_STDINT_H 1
| #define HAVE_UNISTD_H 1
| #define HAVE_DLFCN_H 1
| #define LT_OBJDIR ".libs/"
| /* end confdefs.h.  */
| #include <ac_nonexistent.h>
configure:11831: result: g++ -E
configure:11851: g++ -E  conftest.cpp
configure:11851: $? = 0
configure:11865: g++ -E  conftest.cpp
conftest.cpp:23:28: fatal error: ac_nonexistent.h: No such file or directory
 #include <ac_nonexistent.h>
                            ^
compilation terminated.
configure:11865: $? = 1
configure: failed program was:
| /* confdefs.h */
| #define PACKAGE_NAME "libalize"
| #define PACKAGE_TARNAME "libalize"
| #define PACKAGE_VERSION "3.0"
| #define PACKAGE_STRING "libalize 3.0"
| #define PACKAGE_BUGREPORT "dev-alize@listes.univ-avignon.fr"
| #define PACKAGE_URL ""
| #define PACKAGE "libalize"
| #define VERSION "3.0"
| #define STDC_HEADERS 1
| #define HAVE_SYS_TYPES_H 1
| #define HAVE_SYS_STAT_H 1
| #define HAVE_STDLIB_H 1
| #define HAVE_STRING_H 1
| #define HAVE_MEMORY_H 1
| #define HAVE_STRINGS_H 1
| #define HAVE_INTTYPES_H 1
| #define HAVE_STDINT_H 1
| #define HAVE_UNISTD_H 1
| #define HAVE_DLFCN_H 1
| #define LT_OBJDIR ".libs/"
| /* end confdefs.h.  */
| #include <ac_nonexistent.h>
configure:12034: checking for ld used by g++
configure:12101: result: /usr/bin/ld -m elf_x86_64
configure:12108: checking if the linker (/usr/bin/ld -m elf_x86_64) is GNU ld
configure:12123: result: yes
configure:12178: checking whether the g++ linker (/usr/bin/ld -m elf_x86_64) supports shared libraries
configure:13183: result: yes
configure:13219: g++ -c -g -O2  conftest.cpp >&5
configure:13222: $? = 0
configure:13742: checking for g++ option to produce PIC
configure:13749: result: -fPIC -DPIC
configure:13757: checking if g++ PIC flag -fPIC -DPIC works
configure:13775: g++ -c -g -O2  -fPIC -DPIC -DPIC conftest.cpp >&5
configure:13779: $? = 0
configure:13792: result: yes
configure:13815: checking if g++ static flag -static works
configure:13843: result: no
configure:13855: checking if g++ supports -c -o file.o
configure:13876: g++ -c -g -O2  -o out/conftest2.o conftest.cpp >&5
configure:13880: $? = 0
configure:13902: result: yes
configure:13907: checking if g++ supports -c -o file.o
configure:13954: result: yes
configure:13984: checking whether the g++ linker (/usr/bin/ld -m elf_x86_64) supports shared libraries
configure:14020: result: yes
configure:14161: checking dynamic linker characteristics
configure:14832: result: GNU/Linux ld.so
configure:14885: checking how to hardcode library paths into programs
configure:14910: result: immediate
configure:15014: checking for ranlib
configure:15041: result: ranlib
configure:15063: checking whether make sets $(MAKE)
configure:15085: result: yes
configure:15280: checking that generated files are newer than configure
configure:15286: result: done
configure:15313: creating ./config.status

## ---------------------- ##
## Running config.status. ##
## ---------------------- ##

This file was extended by libalize config.status 3.0, which was
generated by GNU Autoconf 2.69.  Invocation command line was

  CONFIG_FILES    = 
  CONFIG_HEADERS  = 
  CONFIG_LINKS    = 
  CONFIG_COMMANDS = 
  $ ./config.status 

on localhost.localdomain

config.status:1070: creating Makefile
config.status:1070: creating src/Makefile
config.status:1242: executing depfiles commands
config.status:1242: executing libtool commands

## ---------------- ##
## Cache variables. ##
## ---------------- ##

ac_cv_build=x86_64-unknown-linux-gnu
ac_cv_c_compiler_gnu=yes
ac_cv_cxx_compiler_gnu=yes
ac_cv_env_CCC_set=
ac_cv_env_CCC_value=
ac_cv_env_CC_set=
ac_cv_env_CC_value=
ac_cv_env_CFLAGS_set=
ac_cv_env_CFLAGS_value=
ac_cv_env_CPPFLAGS_set=
ac_cv_env_CPPFLAGS_value=
ac_cv_env_CPP_set=
ac_cv_env_CPP_value=
ac_cv_env_CXXCPP_set=
ac_cv_env_CXXCPP_value=
ac_cv_env_CXXFLAGS_set=
ac_cv_env_CXXFLAGS_value=
ac_cv_env_CXX_set=
ac_cv_env_CXX_value=
ac_cv_env_LDFLAGS_set=
ac_cv_env_LDFLAGS_value=
ac_cv_env_LIBS_set=
ac_cv_env_LIBS_value=
ac_cv_env_build_alias_set=
ac_cv_env_build_alias_value=
ac_cv_env_host_alias_set=
ac_cv_env_host_alias_value=
ac_cv_env_target_alias_set=
ac_cv_env_target_alias_value=
ac_cv_header_dlfcn_h=yes
ac_cv_header_inttypes_h=yes
ac_cv_header_memory_h=yes
ac_cv_header_stdc=yes
ac_cv_header_stdint_h=yes
ac_cv_header_stdlib_h=yes
ac_cv_header_string_h=yes
ac_cv_header_strings_h=yes
ac_cv_header_sys_stat_h=yes
ac_cv_header_sys_types_h=yes
ac_cv_header_unistd_h=yes
ac_cv_host=x86_64-unknown-linux-gnu
ac_cv_objext=o
ac_cv_path_EGREP='/usr/bin/grep -E'
ac_cv_path_FGREP='/usr/bin/grep -F'
ac_cv_path_GREP=/usr/bin/grep
ac_cv_path_SED=/usr/bin/sed
ac_cv_path_install='/usr/bin/install -c'
ac_cv_path_mkdir=/usr/bin/mkdir
ac_cv_prog_AWK=gawk
ac_cv_prog_CPP='gcc -E'
ac_cv_prog_CXXCPP='g++ -E'
ac_cv_prog_ac_ct_AR=ar
ac_cv_prog_ac_ct_CC=gcc
ac_cv_prog_ac_ct_CXX=g++
ac_cv_prog_ac_ct_OBJDUMP=objdump
ac_cv_prog_ac_ct_RANLIB=ranlib
ac_cv_prog_ac_ct_STRIP=strip
ac_cv_prog_cc_c89=
ac_cv_prog_cc_g=yes
ac_cv_prog_cxx_g=yes
ac_cv_prog_make_make_set=yes
am_cv_CC_dependencies_compiler_type=gcc3
am_cv_CXX_dependencies_compiler_type=gcc3
am_cv_make_support_nested_variables=yes
lt_cv_ar_at_file=@
lt_cv_archive_cmds_need_lc=no
lt_cv_deplibs_check_method=pass_all
lt_cv_file_magic_cmd='$MAGIC_CMD'
lt_cv_file_magic_test_file=
lt_cv_ld_reload_flag=-r
lt_cv_nm_interface='BSD nm'
lt_cv_objdir=.libs
lt_cv_path_LD=/usr/bin/ld
lt_cv_path_LDCXX='/usr/bin/ld -m elf_x86_64'
lt_cv_path_NM='/usr/bin/nm -B'
lt_cv_path_mainfest_tool=no
lt_cv_prog_compiler_c_o=yes
lt_cv_prog_compiler_c_o_CXX=yes
lt_cv_prog_compiler_pic='-fPIC -DPIC'
lt_cv_prog_compiler_pic_CXX='-fPIC -DPIC'
lt_cv_prog_compiler_pic_works=yes
lt_cv_prog_compiler_pic_works_CXX=yes
lt_cv_prog_compiler_rtti_exceptions=no
lt_cv_prog_compiler_static_works=no
lt_cv_prog_compiler_static_works_CXX=no
lt_cv_prog_gnu_ld=yes
lt_cv_prog_gnu_ldcxx=yes
lt_cv_sharedlib_from_linklib_cmd='printf %s\n'
lt_cv_shlibpath_overrides_runpath=no
lt_cv_sys_global_symbol_pipe='sed -n -e '\''s/^.*[	 ]\([ABCDGIRSTW][ABCDGIRSTW]*\)[	 ][	 ]*\([_A-Za-z][_A-Za-z0-9]*\)$/\1 \2 \2/p'\'' | sed '\''/ __gnu_lto/d'\'''
lt_cv_sys_global_symbol_to_c_name_address='sed -n -e '\''s/^: \([^ ]*\)[ ]*$/  {\"\1\", (void *) 0},/p'\'' -e '\''s/^[ABCDGIRSTW]* \([^ ]*\) \([^ ]*\)$/  {"\2", (void *) \&\2},/p'\'''
lt_cv_sys_global_symbol_to_c_name_address_lib_prefix='sed -n -e '\''s/^: \([^ ]*\)[ ]*$/  {\"\1\", (void *) 0},/p'\'' -e '\''s/^[ABCDGIRSTW]* \([^ ]*\) \(lib[^ ]*\)$/  {"\2", (void *) \&\2},/p'\'' -e '\''s/^[ABCDGIRSTW]* \([^ ]*\) \([^ ]*\)$/  {"lib\2", (void *) \&\2},/p'\'''
lt_cv_sys_global_symbol_to_cdecl='sed -n -e '\''s/^T .* \(.*\)$/extern int \1();/p'\'' -e '\''s/^[ABCDGIRSTW]* .* \(.*\)$/extern char \1;/p'\'''
lt_cv_sys_max_cmd_len=1572864
lt_cv_to_host_file_cmd=func_convert_file_noop
lt_cv_to_tool_file_cmd=func_convert_file_noop

## ----------------- ##
## Output variables. ##
## ----------------- ##

ACLOCAL='aclocal-1.13'
AMDEPBACKSLASH='\'
AMDEP_FALSE='#'
AMDEP_TRUE=''
AMTAR='$${TAR-tar}'
AM_BACKSLASH='\'
AM_DEFAULT_V='$(AM_DEFAULT_VERBOSITY)'
AM_DEFAULT_VERBOSITY='1'
AM_V='$(V)'
AR='ar'
ARCH='x86_64'
AUTOCONF='autoconf'
AUTOHEADER='autoheader'
AUTOMAKE='automake-1.13'
AWK='gawk'
CC='gcc'
CCDEPMODE='depmode=gcc3'
CFLAGS='-g -O2'
CPP='gcc -E'
CPPFLAGS=''
CXX='g++'
CXXCPP='g++ -E'
CXXDEPMODE='depmode=gcc3'
CXXFLAGS='-O3 -ffast-math'
CYGPATH_W='echo'
DEBUG=''
DEFS='-DPACKAGE_NAME=\"libalize\" -DPACKAGE_TARNAME=\"libalize\" -DPACKAGE_VERSION=\"3.0\" -DPACKAGE_STRING=\"libalize\ 3.0\" -DPACKAGE_BUGREPORT=\"dev-alize@listes.univ-avignon.fr\" -DPACKAGE_URL=\"\" -DPACKAGE=\"libalize\" -DVERSION=\"3.0\" -DSTDC_HEADERS=1 -DHAVE_SYS_TYPES_H=1 -DHAVE_SYS_STAT_H=1 -DHAVE_STDLIB_H=1 -DHAVE_STRING_H=1 -DHAVE_MEMORY_H=1 -DHAVE_STRINGS_H=1 -DHAVE_INTTYPES_H=1 -DHAVE_STDINT_H=1 -DHAVE_UNISTD_H=1 -DHAVE_DLFCN_H=1 -DLT_OBJDIR=\".libs/\"'
DEPDIR='.deps'
DLLTOOL='false'
DSYMUTIL=''
DUMPBIN=''
ECHO_C=''
ECHO_N='-n'
ECHO_T=''
EGREP='/usr/bin/grep -E'
EXEEXT=''
FGREP='/usr/bin/grep -F'
GREP='/usr/bin/grep'
INSTALL_DATA='${INSTALL} -m 644'
INSTALL_PROGRAM='${INSTALL}'
INSTALL_SCRIPT='${INSTALL}'
INSTALL_STRIP_PROGRAM='$(install_sh) -c -s'
LD='/usr/bin/ld -m elf_x86_64'
LDFLAGS=''
LIBOBJS=''
LIBS=''
LIBTOOL='$(SHELL) $(top_builddir)/libtool'
LIPO=''
LN_S='ln -s'
LTLIBOBJS=''
MAKEINFO='makeinfo'
MANIFEST_TOOL=':'
MKDIR_P='/usr/bin/mkdir -p'
NM='/usr/bin/nm -B'
NMEDIT=''
OBJDUMP='objdump'
OBJEXT='o'
OS='Linux'
OTOOL64=''
OTOOL=''
PACKAGE='libalize'
PACKAGE_BUGREPORT='dev-alize@listes.univ-avignon.fr'
PACKAGE_NAME='libalize'
PACKAGE_STRING='libalize 3.0'
PACKAGE_TARNAME='libalize'
PACKAGE_URL=''
PACKAGE_VERSION='3.0'
PATH_SEPARATOR=':'
RANLIB='ranlib'
SED='/usr/bin/sed'
SET_MAKE=''
SHELL='/bin/sh'
STRIP='strip'
VERSION='3.0'
ac_ct_AR='ar'
ac_ct_CC='gcc'
ac_ct_CXX='g++'
ac_ct_DUMPBIN=''
am__EXEEXT_FALSE=''
am__EXEEXT_TRUE='#'
am__fastdepCC_FALSE='#'
am__fastdepCC_TRUE=''
am__fastdepCXX_FALSE='#'
am__fastdepCXX_TRUE=''
am__include='include'
am__isrc=''
am__leading_dot='.'
am__nodep='_no'
am__quote=''
am__tar='$${TAR-tar} chof - "$$tardir"'
am__untar='$${TAR-tar} xf -'
bindir='${exec_prefix}/bin'
build='x86_64-unknown-linux-gnu'
build_alias=''
build_cpu='x86_64'
build_os='linux-gnu'
build_vendor='unknown'
datadir='${datarootdir}'
datarootdir='${prefix}/share'
docdir='${datarootdir}/doc/${PACKAGE_TARNAME}'
dvidir='${docdir}'
exec_prefix='${prefix}'
host='x86_64-unknown-linux-gnu'
host_alias=''
host_cpu='x86_64'
host_os='linux-gnu'
host_vendor='unknown'
htmldir='${docdir}'
includedir='${prefix}/include'
infodir='${datarootdir}/info'
install_sh='${SHELL} /home/szm/cd/alize-core/alize-core/install-sh'
libdir='${exec_prefix}/lib'
libexecdir='${exec_prefix}/libexec'
localedir='${datarootdir}/locale'
localstatedir='${prefix}/var'
mandir='${datarootdir}/man'
mkdir_p='$(MKDIR_P)'
oldincludedir='/usr/include'
pdfdir='${docdir}'
prefix='/usr/local'
program_transform_name='s,x,x,'
psdir='${docdir}'
sbindir='${exec_prefix}/sbin'
sharedstatedir='${prefix}/com'
sysconfdir='${prefix}/etc'
target_alias=''

## ----------- ##
## confdefs.h. ##
## ----------- ##

/* confdefs.h */
#define PACKAGE_NAME "libalize"
#define PACKAGE_TARNAME "libalize"
#define PACKAGE_VERSION "3.0"
#define PACKAGE_STRING "libalize 3.0"
#define PACKAGE_BUGREPORT "dev-alize@listes.univ-avignon.fr"
#define PACKAGE_URL ""
#define PACKAGE "libalize"
#define VERSION "3.0"
#define STDC_HEADERS 1
#define HAVE_SYS_TYPES_H 1
#define HAVE_SYS_STAT_H 1
#define HAVE_STDLIB_H 1
#define HAVE_STRING_H 1
#define HAVE_MEMORY_H 1
#define HAVE_STRINGS_H 1
#define HAVE_INTTYPES_H 1
#define HAVE_STDINT_H 1
#define HAVE_UNISTD_H 1
#define HAVE_DLFCN_H 1
#define LT_OBJDIR ".libs/"

configure: exit 0
